  Graph.cpp
c:\users\админ\source\repos\творч1_коммифояджер\творч1_коммифояджер\graph.h(54): warning C4010: однострочный комментарий содержит знак объединения строк
c:\users\админ\source\repos\творч1_коммифояджер\творч1_коммифояджер\graph.cpp(107): warning C4018: <: несоответствие типов со знаком и без знака
c:\users\админ\source\repos\творч1_коммифояджер\творч1_коммифояджер\graph.cpp(110): warning C4018: <: несоответствие типов со знаком и без знака
c:\users\админ\source\repos\творч1_коммифояджер\творч1_коммифояджер\graph.cpp(123): warning C4018: <: несоответствие типов со знаком и без знака
c:\users\админ\source\repos\творч1_коммифояджер\творч1_коммифояджер\graph.cpp(124): warning C4018: <: несоответствие типов со знаком и без знака
c:\users\админ\source\repos\творч1_коммифояджер\творч1_коммифояджер\graph.cpp(271): warning C4018: <: несоответствие типов со знаком и без знака
c:\users\админ\source\repos\творч1_коммифояджер\творч1_коммифояджер\graph.cpp(292): warning C4018: <: несоответствие типов со знаком и без знака
c:\users\админ\source\repos\творч1_коммифояджер\творч1_коммифояджер\graph.cpp(299): warning C4018: <: несоответствие типов со знаком и без знака
c:\users\админ\source\repos\творч1_коммифояджер\творч1_коммифояджер\graph.cpp(313): warning C4305: аргумент: усечение из "double" в "GLfloat"
c:\users\админ\source\repos\творч1_коммифояджер\творч1_коммифояджер\graph.cpp(315): warning C4305: аргумент: усечение из "double" в "GLfloat"
c:\users\админ\source\repos\творч1_коммифояджер\творч1_коммифояджер\graph.cpp(320): warning C4305: аргумент: усечение из "double" в "GLfloat"
c:\users\админ\source\repos\творч1_коммифояджер\творч1_коммифояджер\graph.cpp(322): warning C4305: аргумент: усечение из "double" в "GLfloat"
c:\users\админ\source\repos\творч1_коммифояджер\творч1_коммифояджер\graph.cpp(326): warning C4305: аргумент: усечение из "double" в "GLfloat"
c:\users\админ\source\repos\творч1_коммифояджер\творч1_коммифояджер\graph.cpp(334): warning C4244: аргумент: преобразование "double" в "GLint", возможна потеря данных
c:\users\админ\source\repos\творч1_коммифояджер\творч1_коммифояджер\graph.cpp(335): warning C4018: <: несоответствие типов со знаком и без знака
c:\users\админ\source\repos\творч1_коммифояджер\творч1_коммифояджер\graph.cpp(342): warning C4305: аргумент: усечение из "double" в "GLfloat"
c:\users\админ\source\repos\творч1_коммифояджер\творч1_коммифояджер\graph.cpp(344): warning C4305: аргумент: усечение из "double" в "GLfloat"
c:\users\админ\source\repos\творч1_коммифояджер\творч1_коммифояджер\graph.cpp(349): warning C4305: аргумент: усечение из "double" в "GLfloat"
c:\users\админ\source\repos\творч1_коммифояджер\творч1_коммифояджер\graph.cpp(351): warning C4305: аргумент: усечение из "double" в "GLfloat"
c:\users\админ\source\repos\творч1_коммифояджер\творч1_коммифояджер\graph.cpp(363): warning C4244: аргумент: преобразование "double" в "GLint", возможна потеря данных
c:\users\админ\source\repos\творч1_коммифояджер\творч1_коммифояджер\graph.cpp(364): warning C4018: <: несоответствие типов со знаком и без знака
c:\users\админ\source\repos\творч1_коммифояджер\творч1_коммифояджер\graph.cpp(371): warning C4305: аргумент: усечение из "double" в "GLfloat"
c:\users\админ\source\repos\творч1_коммифояджер\творч1_коммифояджер\graph.cpp(373): warning C4305: аргумент: усечение из "double" в "GLfloat"
c:\users\админ\source\repos\творч1_коммифояджер\творч1_коммифояджер\graph.cpp(378): warning C4305: аргумент: усечение из "double" в "GLfloat"
c:\users\админ\source\repos\творч1_коммифояджер\творч1_коммифояджер\graph.cpp(380): warning C4305: аргумент: усечение из "double" в "GLfloat"
c:\users\админ\source\repos\творч1_коммифояджер\творч1_коммифояджер\graph.cpp(393): warning C4244: аргумент: преобразование "double" в "GLint", возможна потеря данных
c:\users\админ\source\repos\творч1_коммифояджер\творч1_коммифояджер\graph.cpp(394): warning C4018: <: несоответствие типов со знаком и без знака
c:\users\админ\source\repos\творч1_коммифояджер\творч1_коммифояджер\graph.cpp(396): warning C4244: аргумент: преобразование "double" в "GLint", возможна потеря данных
c:\users\админ\source\repos\творч1_коммифояджер\творч1_коммифояджер\graph.cpp(397): warning C4018: <: несоответствие типов со знаком и без знака
c:\users\админ\source\repos\творч1_коммифояджер\творч1_коммифояджер\graph.cpp(404): warning C4305: аргумент: усечение из "double" в "GLfloat"
c:\users\админ\source\repos\творч1_коммифояджер\творч1_коммифояджер\graph.cpp(406): warning C4305: аргумент: усечение из "double" в "GLfloat"
c:\users\админ\source\repos\творч1_коммифояджер\творч1_коммифояджер\graph.cpp(411): warning C4305: аргумент: усечение из "double" в "GLfloat"
c:\users\админ\source\repos\творч1_коммифояджер\творч1_коммифояджер\graph.cpp(413): warning C4305: аргумент: усечение из "double" в "GLfloat"
c:\users\админ\source\repos\творч1_коммифояджер\творч1_коммифояджер\graph.cpp(425): warning C4244: аргумент: преобразование "double" в "GLint", возможна потеря данных
c:\users\админ\source\repos\творч1_коммифояджер\творч1_коммифояджер\graph.cpp(426): warning C4018: <: несоответствие типов со знаком и без знака
c:\users\админ\source\repos\творч1_коммифояджер\творч1_коммифояджер\graph.cpp(433): warning C4305: аргумент: усечение из "double" в "GLfloat"
c:\users\админ\source\repos\творч1_коммифояджер\творч1_коммифояджер\graph.cpp(436): warning C4244: аргумент: преобразование "int" в "GLfloat", возможна потеря данных
c:\users\админ\source\repos\творч1_коммифояджер\творч1_коммифояджер\graph.cpp(462): warning C4305: аргумент: усечение из "double" в "GLfloat"
c:\users\админ\source\repos\творч1_коммифояджер\творч1_коммифояджер\graph.cpp(465): warning C4244: аргумент: преобразование "int" в "GLfloat", возможна потеря данных
c:\users\админ\source\repos\творч1_коммифояджер\творч1_коммифояджер\graph.cpp(466): warning C4305: аргумент: усечение из "double" в "GLfloat"
c:\users\админ\source\repos\творч1_коммифояджер\творч1_коммифояджер\graph.cpp(476): warning C4305: аргумент: усечение из "double" в "GLfloat"
c:\users\админ\source\repos\творч1_коммифояджер\творч1_коммифояджер\graph.cpp(508): warning C4244: инициализация: преобразование "int" в "float", возможна потеря данных
c:\users\админ\source\repos\творч1_коммифояджер\творч1_коммифояджер\graph.cpp(509): warning C4244: инициализация: преобразование "int" в "float", возможна потеря данных
c:\users\админ\source\repos\творч1_коммифояджер\творч1_коммифояджер\graph.cpp(513): warning C4244: =: преобразование "float" в "int", возможна потеря данных
c:\users\админ\source\repos\творч1_коммифояджер\творч1_коммифояджер\graph.cpp(514): warning C4244: =: преобразование "float" в "int", возможна потеря данных
c:\users\админ\source\repos\творч1_коммифояджер\творч1_коммифояджер\graph.cpp(518): warning C4244: аргумент: преобразование "int" в "GLfloat", возможна потеря данных
c:\users\админ\source\repos\творч1_коммифояджер\творч1_коммифояджер\graph.cpp(532): warning C4244: инициализация: преобразование "int" в "float", возможна потеря данных
c:\users\админ\source\repos\творч1_коммифояджер\творч1_коммифояджер\graph.cpp(533): warning C4244: инициализация: преобразование "int" в "float", возможна потеря данных
c:\users\админ\source\repos\творч1_коммифояджер\творч1_коммифояджер\graph.cpp(540): warning C4244: аргумент: преобразование "float" в "int", возможна потеря данных
c:\users\админ\source\repos\творч1_коммифояджер\творч1_коммифояджер\graph.cpp(541): warning C4244: аргумент: преобразование "float" в "int", возможна потеря данных
c:\users\админ\source\repos\творч1_коммифояджер\творч1_коммифояджер\graph.cpp(545): warning C4244: аргумент: преобразование "int" в "GLfloat", возможна потеря данных
c:\users\админ\source\repos\творч1_коммифояджер\творч1_коммифояджер\graph.cpp(548): warning C4244: аргумент: преобразование "int" в "GLfloat", возможна потеря данных
c:\users\админ\source\repos\творч1_коммифояджер\творч1_коммифояджер\graph.cpp(583): warning C4244: инициализация: преобразование "float" в "int", возможна потеря данных
c:\users\админ\source\repos\творч1_коммифояджер\творч1_коммифояджер\graph.cpp(584): warning C4244: инициализация: преобразование "float" в "int", возможна потеря данных
c:\users\админ\source\repos\творч1_коммифояджер\творч1_коммифояджер\graph.cpp(750): warning C4018: <: несоответствие типов со знаком и без знака
c:\users\админ\source\repos\творч1_коммифояджер\творч1_коммифояджер\graph.cpp(792): warning C4305: аргумент: усечение из "double" в "GLclampf"
  Main.cpp
c:\users\админ\source\repos\творч1_коммифояджер\творч1_коммифояджер\graph.h(54): warning C4010: однострочный комментарий содержит знак объединения строк
  Создание кода...
  Творч1_Коммифояджер.vcxproj -> C:\Users\АДМИН\source\repos\Творч1_Коммифояджер\Debug\Творч1_Коммифояджер.exe
