  Graph.cpp
c:\users\админ\source\repos\творч1_коммифояджер\творч1_коммифояджер\graph.h(56): warning C4010: однострочный комментарий содержит знак объединения строк
c:\users\админ\source\repos\творч1_коммифояджер\творч1_коммифояджер\graph.cpp(149): warning C4018: <: несоответствие типов со знаком и без знака
c:\users\админ\source\repos\творч1_коммифояджер\творч1_коммифояджер\graph.cpp(152): warning C4018: <: несоответствие типов со знаком и без знака
c:\users\админ\source\repos\творч1_коммифояджер\творч1_коммифояджер\graph.cpp(165): warning C4018: <: несоответствие типов со знаком и без знака
c:\users\админ\source\repos\творч1_коммифояджер\творч1_коммифояджер\graph.cpp(166): warning C4018: <: несоответствие типов со знаком и без знака
c:\users\админ\source\repos\творч1_коммифояджер\творч1_коммифояджер\graph.cpp(313): warning C4018: <: несоответствие типов со знаком и без знака
c:\users\админ\source\repos\творч1_коммифояджер\творч1_коммифояджер\graph.cpp(334): warning C4018: <: несоответствие типов со знаком и без знака
c:\users\админ\source\repos\творч1_коммифояджер\творч1_коммифояджер\graph.cpp(341): warning C4018: <: несоответствие типов со знаком и без знака
c:\users\админ\source\repos\творч1_коммифояджер\творч1_коммифояджер\graph.cpp(355): warning C4305: аргумент: усечение из "double" в "GLfloat"
c:\users\админ\source\repos\творч1_коммифояджер\творч1_коммифояджер\graph.cpp(357): warning C4305: аргумент: усечение из "double" в "GLfloat"
c:\users\админ\source\repos\творч1_коммифояджер\творч1_коммифояджер\graph.cpp(362): warning C4305: аргумент: усечение из "double" в "GLfloat"
c:\users\админ\source\repos\творч1_коммифояджер\творч1_коммифояджер\graph.cpp(364): warning C4305: аргумент: усечение из "double" в "GLfloat"
c:\users\админ\source\repos\творч1_коммифояджер\творч1_коммифояджер\graph.cpp(368): warning C4305: аргумент: усечение из "double" в "GLfloat"
c:\users\админ\source\repos\творч1_коммифояджер\творч1_коммифояджер\graph.cpp(376): warning C4244: аргумент: преобразование "double" в "GLint", возможна потеря данных
c:\users\админ\source\repos\творч1_коммифояджер\творч1_коммифояджер\graph.cpp(377): warning C4018: <: несоответствие типов со знаком и без знака
c:\users\админ\source\repos\творч1_коммифояджер\творч1_коммифояджер\graph.cpp(384): warning C4305: аргумент: усечение из "double" в "GLfloat"
c:\users\админ\source\repos\творч1_коммифояджер\творч1_коммифояджер\graph.cpp(386): warning C4305: аргумент: усечение из "double" в "GLfloat"
c:\users\админ\source\repos\творч1_коммифояджер\творч1_коммифояджер\graph.cpp(391): warning C4305: аргумент: усечение из "double" в "GLfloat"
c:\users\админ\source\repos\творч1_коммифояджер\творч1_коммифояджер\graph.cpp(393): warning C4305: аргумент: усечение из "double" в "GLfloat"
c:\users\админ\source\repos\творч1_коммифояджер\творч1_коммифояджер\graph.cpp(405): warning C4244: аргумент: преобразование "double" в "GLint", возможна потеря данных
c:\users\админ\source\repos\творч1_коммифояджер\творч1_коммифояджер\graph.cpp(406): warning C4018: <: несоответствие типов со знаком и без знака
c:\users\админ\source\repos\творч1_коммифояджер\творч1_коммифояджер\graph.cpp(413): warning C4305: аргумент: усечение из "double" в "GLfloat"
c:\users\админ\source\repos\творч1_коммифояджер\творч1_коммифояджер\graph.cpp(415): warning C4305: аргумент: усечение из "double" в "GLfloat"
c:\users\админ\source\repos\творч1_коммифояджер\творч1_коммифояджер\graph.cpp(420): warning C4305: аргумент: усечение из "double" в "GLfloat"
c:\users\админ\source\repos\творч1_коммифояджер\творч1_коммифояджер\graph.cpp(422): warning C4305: аргумент: усечение из "double" в "GLfloat"
c:\users\админ\source\repos\творч1_коммифояджер\творч1_коммифояджер\graph.cpp(435): warning C4244: аргумент: преобразование "double" в "GLint", возможна потеря данных
c:\users\админ\source\repos\творч1_коммифояджер\творч1_коммифояджер\graph.cpp(436): warning C4018: <: несоответствие типов со знаком и без знака
c:\users\админ\source\repos\творч1_коммифояджер\творч1_коммифояджер\graph.cpp(438): warning C4244: аргумент: преобразование "double" в "GLint", возможна потеря данных
c:\users\админ\source\repos\творч1_коммифояджер\творч1_коммифояджер\graph.cpp(439): warning C4018: <: несоответствие типов со знаком и без знака
c:\users\админ\source\repos\творч1_коммифояджер\творч1_коммифояджер\graph.cpp(446): warning C4305: аргумент: усечение из "double" в "GLfloat"
c:\users\админ\source\repos\творч1_коммифояджер\творч1_коммифояджер\graph.cpp(448): warning C4305: аргумент: усечение из "double" в "GLfloat"
c:\users\админ\source\repos\творч1_коммифояджер\творч1_коммифояджер\graph.cpp(453): warning C4305: аргумент: усечение из "double" в "GLfloat"
c:\users\админ\source\repos\творч1_коммифояджер\творч1_коммифояджер\graph.cpp(455): warning C4305: аргумент: усечение из "double" в "GLfloat"
c:\users\админ\source\repos\творч1_коммифояджер\творч1_коммифояджер\graph.cpp(467): warning C4244: аргумент: преобразование "double" в "GLint", возможна потеря данных
c:\users\админ\source\repos\творч1_коммифояджер\творч1_коммифояджер\graph.cpp(468): warning C4018: <: несоответствие типов со знаком и без знака
c:\users\админ\source\repos\творч1_коммифояджер\творч1_коммифояджер\graph.cpp(475): warning C4305: аргумент: усечение из "double" в "GLfloat"
c:\users\админ\source\repos\творч1_коммифояджер\творч1_коммифояджер\graph.cpp(477): warning C4305: аргумент: усечение из "double" в "GLfloat"
c:\users\админ\source\repos\творч1_коммифояджер\творч1_коммифояджер\graph.cpp(482): warning C4305: аргумент: усечение из "double" в "GLfloat"
c:\users\админ\source\repos\творч1_коммифояджер\творч1_коммифояджер\graph.cpp(484): warning C4305: аргумент: усечение из "double" в "GLfloat"
c:\users\админ\source\repos\творч1_коммифояджер\творч1_коммифояджер\graph.cpp(496): warning C4244: аргумент: преобразование "double" в "GLint", возможна потеря данных
c:\users\админ\source\repos\творч1_коммифояджер\творч1_коммифояджер\graph.cpp(497): warning C4018: <: несоответствие типов со знаком и без знака
c:\users\админ\source\repos\творч1_коммифояджер\творч1_коммифояджер\graph.cpp(504): warning C4305: аргумент: усечение из "double" в "GLfloat"
c:\users\админ\source\repos\творч1_коммифояджер\творч1_коммифояджер\graph.cpp(506): warning C4305: аргумент: усечение из "double" в "GLfloat"
c:\users\админ\source\repos\творч1_коммифояджер\творч1_коммифояджер\graph.cpp(511): warning C4305: аргумент: усечение из "double" в "GLfloat"
c:\users\админ\source\repos\творч1_коммифояджер\творч1_коммифояджер\graph.cpp(513): warning C4305: аргумент: усечение из "double" в "GLfloat"
c:\users\админ\source\repos\творч1_коммифояджер\творч1_коммифояджер\graph.cpp(525): warning C4244: аргумент: преобразование "double" в "GLint", возможна потеря данных
c:\users\админ\source\repos\творч1_коммифояджер\творч1_коммифояджер\graph.cpp(526): warning C4018: <: несоответствие типов со знаком и без знака
c:\users\админ\source\repos\творч1_коммифояджер\творч1_коммифояджер\graph.cpp(532): warning C4305: аргумент: усечение из "double" в "GLfloat"
c:\users\админ\source\repos\творч1_коммифояджер\творч1_коммифояджер\graph.cpp(535): warning C4244: аргумент: преобразование "int" в "GLfloat", возможна потеря данных
c:\users\админ\source\repos\творч1_коммифояджер\творч1_коммифояджер\graph.cpp(561): warning C4305: аргумент: усечение из "double" в "GLfloat"
c:\users\админ\source\repos\творч1_коммифояджер\творч1_коммифояджер\graph.cpp(564): warning C4244: аргумент: преобразование "int" в "GLfloat", возможна потеря данных
c:\users\админ\source\repos\творч1_коммифояджер\творч1_коммифояджер\graph.cpp(565): warning C4305: аргумент: усечение из "double" в "GLfloat"
c:\users\админ\source\repos\творч1_коммифояджер\творч1_коммифояджер\graph.cpp(575): warning C4305: аргумент: усечение из "double" в "GLfloat"
c:\users\админ\source\repos\творч1_коммифояджер\творч1_коммифояджер\graph.cpp(607): warning C4244: инициализация: преобразование "int" в "float", возможна потеря данных
c:\users\админ\source\repos\творч1_коммифояджер\творч1_коммифояджер\graph.cpp(608): warning C4244: инициализация: преобразование "int" в "float", возможна потеря данных
c:\users\админ\source\repos\творч1_коммифояджер\творч1_коммифояджер\graph.cpp(612): warning C4244: =: преобразование "float" в "int", возможна потеря данных
c:\users\админ\source\repos\творч1_коммифояджер\творч1_коммифояджер\graph.cpp(613): warning C4244: =: преобразование "float" в "int", возможна потеря данных
c:\users\админ\source\repos\творч1_коммифояджер\творч1_коммифояджер\graph.cpp(617): warning C4244: аргумент: преобразование "int" в "GLfloat", возможна потеря данных
c:\users\админ\source\repos\творч1_коммифояджер\творч1_коммифояджер\graph.cpp(631): warning C4244: инициализация: преобразование "int" в "float", возможна потеря данных
c:\users\админ\source\repos\творч1_коммифояджер\творч1_коммифояджер\graph.cpp(632): warning C4244: инициализация: преобразование "int" в "float", возможна потеря данных
c:\users\админ\source\repos\творч1_коммифояджер\творч1_коммифояджер\graph.cpp(639): warning C4244: аргумент: преобразование "float" в "int", возможна потеря данных
c:\users\админ\source\repos\творч1_коммифояджер\творч1_коммифояджер\graph.cpp(640): warning C4244: аргумент: преобразование "float" в "int", возможна потеря данных
c:\users\админ\source\repos\творч1_коммифояджер\творч1_коммифояджер\graph.cpp(644): warning C4244: аргумент: преобразование "int" в "GLfloat", возможна потеря данных
c:\users\админ\source\repos\творч1_коммифояджер\творч1_коммифояджер\graph.cpp(647): warning C4244: аргумент: преобразование "int" в "GLfloat", возможна потеря данных
c:\users\админ\source\repos\творч1_коммифояджер\творч1_коммифояджер\graph.cpp(682): warning C4244: инициализация: преобразование "float" в "int", возможна потеря данных
c:\users\админ\source\repos\творч1_коммифояджер\творч1_коммифояджер\graph.cpp(683): warning C4244: инициализация: преобразование "float" в "int", возможна потеря данных
c:\users\админ\source\repos\творч1_коммифояджер\творч1_коммифояджер\graph.cpp(753): warning C4010: однострочный комментарий содержит знак объединения строк
c:\users\админ\source\repos\творч1_коммифояджер\творч1_коммифояджер\graph.cpp(849): warning C4018: <: несоответствие типов со знаком и без знака
c:\users\админ\source\repos\творч1_коммифояджер\творч1_коммифояджер\graph.cpp(906): warning C4305: аргумент: усечение из "double" в "GLclampf"
  Творч1_Коммифояджер.vcxproj -> C:\Users\АДМИН\source\repos\Творч1_Коммифояджер\Debug\Творч1_Коммифояджер.exe
